2016.05.07. 20:42:57	 EventLog has been started.
2016.05.07. 20:42:57	 Send command: FirstCommand

2016.05.07. 20:42:57	 [Application] Cannot send message, because there is not opened port
2016.05.07. 20:42:58	 Send command: SecondCommand

2016.05.07. 20:42:58	 [Application] Cannot send message, because there is not opened port
2016.05.07. 20:43:00	 Send command: SecondCommand

2016.05.07. 20:43:00	 [Application] Cannot send message, because there is not opened port
2016.05.07. 20:43:06	 Send command: SecondCommand

2016.05.07. 20:43:06	 [Application] Cannot send message, because there is not opened port
2016.05.07. 20:44:05	 EventLog has been started.
2016.05.07. 20:44:05	 Send command: FirstCommand

2016.05.07. 20:44:05	 [Application] Cannot send message, because there is not opened port

2016.05.07. 20:44:05	 Send command: SecondCommand

2016.05.07. 20:44:05	 [Application] Cannot send message, because there is not opened port

2016.05.12. 20:51:48	 EventLog has been started.
2016.05.12. 22:04:42	 EventLog has been started.
2016.05.13. 20:32:08	 EventLog has been started.
2016.05.13. 20:32:08	 FwUpdate started
2016.05.13. 20:32:19	 FwUpdate stopped
2016.05.13. 20:32:22	 FwUpdate started
2016.05.13. 20:32:23	 FwUpdate stopped
2016.05.13. 20:32:24	 FwUpdate started
2016.05.13. 20:32:24	 FwUpdate stopped
2016.05.13. 20:32:25	 FwUpdate started
2016.05.13. 20:32:26	 FwUpdate stopped
2016.05.13. 20:32:28	 FwUpdate started
2016.05.13. 20:32:29	 FwUpdate stopped
2016.05.13. 20:43:41	 EventLog has been started.
2016.05.13. 20:43:41	 FwUpdate started
2016.05.13. 21:03:56	 EventLog has been started.
2016.05.13. 21:03:56	 FwUpdate started
2016.05.13. 21:06:01	 FwUpdate stopped
2016.05.13. 21:11:56	 EventLog has been started.
2016.05.13. 21:11:56	 FwUpdate started
2016.05.13. 21:23:19	 FwUpdate stopped
2016.05.13. 21:50:01	 EventLog has been started.
2016.05.13. 21:50:01	 FwUpdate started
2016.05.13. 21:50:07	 FwUpdate stopped
2016.05.13. 21:50:56	 EventLog has been started.
2016.05.13. 21:50:56	 FwUpdate started
2016.05.13. 21:52:05	 FwUpdate stopped
2016.05.13. 21:56:46	 EventLog has been started.
2016.05.13. 21:56:46	 FwUpdate started
2016.05.13. 22:01:13	 EventLog has been started.
2016.05.13. 22:01:13	 FwUpdate started
2016.05.13. 22:03:29	 FwUpdate stopped
2016.05.13. 22:03:45	 FwUpdate started
2016.05.13. 22:06:06	 FwUpdate stopped
2016.05.13. 22:06:32	 FwUpdate started
2016.05.13. 22:06:45	 FwUpdate stopped
2016.05.13. 22:10:10	 EventLog has been started.
2016.05.13. 22:10:10	 FwUpdate started
